{"/Users/sugiyamaryouta/workspace/2_myspace/1_study/nodejs/node-js-study/ch08/todo-data-storage/app.js": {"path":"/Users/sugiyamaryouta/workspace/2_myspace/1_study/nodejs/node-js-study/ch08/todo-data-storage/app.js","statementMap":{"0":{"start":{"line":2,"column":16},"end":{"line":2,"column":34}},"1":{"start":{"line":3,"column":22},"end":{"line":3,"column":37}},"2":{"start":{"line":5,"column":20},"end":{"line":5,"column":67}},"3":{"start":{"line":7,"column":12},"end":{"line":7,"column":21}},"4":{"start":{"line":9,"column":0},"end":{"line":9,"column":23}},"5":{"start":{"line":12,"column":0},"end":{"line":18,"column":2}},"6":{"start":{"line":13,"column":2},"end":{"line":15,"column":3}},"7":{"start":{"line":14,"column":4},"end":{"line":14,"column":70}},"8":{"start":{"line":14,"column":48},"end":{"line":14,"column":63}},"9":{"start":{"line":16,"column":20},"end":{"line":16,"column":50}},"10":{"start":{"line":17,"column":2},"end":{"line":17,"column":78}},"11":{"start":{"line":17,"column":56},"end":{"line":17,"column":71}},"12":{"start":{"line":21,"column":0},"end":{"line":31,"column":2}},"13":{"start":{"line":22,"column":20},"end":{"line":22,"column":28}},"14":{"start":{"line":23,"column":2},"end":{"line":28,"column":3}},"15":{"start":{"line":25,"column":16},"end":{"line":25,"column":46}},"16":{"start":{"line":26,"column":4},"end":{"line":26,"column":24}},"17":{"start":{"line":27,"column":4},"end":{"line":27,"column":20}},"18":{"start":{"line":29,"column":15},"end":{"line":29,"column":70}},"19":{"start":{"line":30,"column":2},"end":{"line":30,"column":71}},"20":{"start":{"line":30,"column":38},"end":{"line":30,"column":64}},"21":{"start":{"line":35,"column":2},"end":{"line":44,"column":14}},"22":{"start":{"line":36,"column":4},"end":{"line":44,"column":14}},"23":{"start":{"line":38,"column":8},"end":{"line":40,"column":9}},"24":{"start":{"line":39,"column":10},"end":{"line":39,"column":31}},"25":{"start":{"line":41,"column":20},"end":{"line":41,"column":47}},"26":{"start":{"line":42,"column":8},"end":{"line":42,"column":28}},"27":{"start":{"line":43,"column":8},"end":{"line":43,"column":17}},"28":{"start":{"line":48,"column":0},"end":{"line":50,"column":34}},"29":{"start":{"line":53,"column":0},"end":{"line":62,"column":1}},"30":{"start":{"line":54,"column":2},"end":{"line":61,"column":10}},"31":{"start":{"line":55,"column":4},"end":{"line":57,"column":5}},"32":{"start":{"line":56,"column":6},"end":{"line":56,"column":34}},"33":{"start":{"line":58,"column":16},"end":{"line":58,"column":43}},"34":{"start":{"line":59,"column":4},"end":{"line":59,"column":24}},"35":{"start":{"line":60,"column":4},"end":{"line":60,"column":13}},"36":{"start":{"line":65,"column":0},"end":{"line":68,"column":2}},"37":{"start":{"line":66,"column":2},"end":{"line":66,"column":20}},"38":{"start":{"line":67,"column":2},"end":{"line":67,"column":62}},"39":{"start":{"line":70,"column":0},"end":{"line":70,"column":33}}},"fnMap":{"0":{"name":"(anonymous_0)","decl":{"start":{"line":12,"column":22},"end":{"line":12,"column":23}},"loc":{"start":{"line":12,"column":42},"end":{"line":18,"column":1}},"line":12},"1":{"name":"(anonymous_1)","decl":{"start":{"line":14,"column":39},"end":{"line":14,"column":40}},"loc":{"start":{"line":14,"column":48},"end":{"line":14,"column":63}},"line":14},"2":{"name":"(anonymous_2)","decl":{"start":{"line":17,"column":47},"end":{"line":17,"column":48}},"loc":{"start":{"line":17,"column":56},"end":{"line":17,"column":71}},"line":17},"3":{"name":"(anonymous_3)","decl":{"start":{"line":21,"column":23},"end":{"line":21,"column":24}},"loc":{"start":{"line":21,"column":43},"end":{"line":31,"column":1}},"line":21},"4":{"name":"(anonymous_4)","decl":{"start":{"line":30,"column":32},"end":{"line":30,"column":33}},"loc":{"start":{"line":30,"column":38},"end":{"line":30,"column":64}},"line":30},"5":{"name":"completedHandler","decl":{"start":{"line":34,"column":9},"end":{"line":34,"column":25}},"loc":{"start":{"line":34,"column":37},"end":{"line":45,"column":1}},"line":34},"6":{"name":"(anonymous_6)","decl":{"start":{"line":35,"column":9},"end":{"line":35,"column":10}},"loc":{"start":{"line":36,"column":4},"end":{"line":44,"column":14}},"line":36},"7":{"name":"(anonymous_7)","decl":{"start":{"line":37,"column":12},"end":{"line":37,"column":13}},"loc":{"start":{"line":37,"column":20},"end":{"line":44,"column":7}},"line":37},"8":{"name":"(anonymous_8)","decl":{"start":{"line":53,"column":29},"end":{"line":53,"column":30}},"loc":{"start":{"line":54,"column":2},"end":{"line":61,"column":10}},"line":54},"9":{"name":"(anonymous_9)","decl":{"start":{"line":54,"column":41},"end":{"line":54,"column":42}},"loc":{"start":{"line":54,"column":47},"end":{"line":61,"column":3}},"line":54},"10":{"name":"(anonymous_10)","decl":{"start":{"line":65,"column":8},"end":{"line":65,"column":9}},"loc":{"start":{"line":65,"column":33},"end":{"line":68,"column":1}},"line":65}},"branchMap":{"0":{"loc":{"start":{"line":13,"column":2},"end":{"line":15,"column":3}},"type":"if","locations":[{"start":{"line":13,"column":2},"end":{"line":15,"column":3}},{"start":{"line":13,"column":2},"end":{"line":15,"column":3}}],"line":13},"1":{"loc":{"start":{"line":23,"column":2},"end":{"line":28,"column":3}},"type":"if","locations":[{"start":{"line":23,"column":2},"end":{"line":28,"column":3}},{"start":{"line":23,"column":2},"end":{"line":28,"column":3}}],"line":23},"2":{"loc":{"start":{"line":23,"column":6},"end":{"line":23,"column":41}},"type":"binary-expr","locations":[{"start":{"line":23,"column":6},"end":{"line":23,"column":31}},{"start":{"line":23,"column":35},"end":{"line":23,"column":41}}],"line":23},"3":{"loc":{"start":{"line":38,"column":8},"end":{"line":40,"column":9}},"type":"if","locations":[{"start":{"line":38,"column":8},"end":{"line":40,"column":9}},{"start":{"line":38,"column":8},"end":{"line":40,"column":9}}],"line":38},"4":{"loc":{"start":{"line":55,"column":4},"end":{"line":57,"column":5}},"type":"if","locations":[{"start":{"line":55,"column":4},"end":{"line":57,"column":5}},{"start":{"line":55,"column":4},"end":{"line":57,"column":5}}],"line":55},"5":{"loc":{"start":{"line":67,"column":13},"end":{"line":67,"column":34}},"type":"binary-expr","locations":[{"start":{"line":67,"column":13},"end":{"line":67,"column":27}},{"start":{"line":67,"column":31},"end":{"line":67,"column":34}}],"line":67}},"s":{"0":1,"1":1,"2":1,"3":1,"4":1,"5":1,"6":5,"7":2,"8":1,"9":3,"10":3,"11":2,"12":1,"13":4,"14":4,"15":2,"16":2,"17":2,"18":2,"19":2,"20":1,"21":2,"22":0,"23":0,"24":0,"25":0,"26":0,"27":0,"28":1,"29":1,"30":0,"31":0,"32":0,"33":0,"34":0,"35":0,"36":1,"37":5,"38":5,"39":1},"f":{"0":5,"1":1,"2":2,"3":4,"4":1,"5":2,"6":0,"7":0,"8":0,"9":0,"10":5},"b":{"0":[2,3],"1":[2,2],"2":[4,3],"3":[0,0],"4":[0,0],"5":[5,3]},"_coverageSchema":"1a1c01bbd47fc00a2c39e90264f33305004495a9","hash":"d5ef1e330dce0bdcc0a6d391c00249ce33e660bd"}
,"/Users/sugiyamaryouta/workspace/2_myspace/1_study/nodejs/node-js-study/ch08/todo-data-storage/file-system/index.js": {"path":"/Users/sugiyamaryouta/workspace/2_myspace/1_study/nodejs/node-js-study/ch08/todo-data-storage/file-system/index.js","statementMap":{"0":{"start":{"line":2,"column":20},"end":{"line":2,"column":35}},"1":{"start":{"line":3,"column":49},"end":{"line":3,"column":71}},"2":{"start":{"line":5,"column":0},"end":{"line":14,"column":1}},"3":{"start":{"line":7,"column":18},"end":{"line":8,"column":48}},"4":{"start":{"line":8,"column":22},"end":{"line":8,"column":47}},"5":{"start":{"line":9,"column":4},"end":{"line":13,"column":5}},"6":{"start":{"line":11,"column":8},"end":{"line":11,"column":65}},"7":{"start":{"line":15,"column":0},"end":{"line":16,"column":64}},"8":{"start":{"line":15,"column":40},"end":{"line":16,"column":64}},"9":{"start":{"line":16,"column":15},"end":{"line":16,"column":63}},"10":{"start":{"line":16,"column":34},"end":{"line":16,"column":62}},"11":{"start":{"line":17,"column":0},"end":{"line":18,"column":65}},"12":{"start":{"line":18,"column":2},"end":{"line":18,"column":65}},"13":{"start":{"line":19,"column":0},"end":{"line":32,"column":1}},"14":{"start":{"line":20,"column":21},"end":{"line":20,"column":46}},"15":{"start":{"line":21,"column":4},"end":{"line":31,"column":5}},"16":{"start":{"line":23,"column":21},"end":{"line":26,"column":9}},"17":{"start":{"line":27,"column":8},"end":{"line":27,"column":73}},"18":{"start":{"line":27,"column":68},"end":{"line":27,"column":72}},"19":{"start":{"line":30,"column":13},"end":{"line":30,"column":63}},"20":{"start":{"line":34,"column":0},"end":{"line":39,"column":3}},"21":{"start":{"line":34,"column":23},"end":{"line":39,"column":3}},"22":{"start":{"line":36,"column":10},"end":{"line":36,"column":12}},"23":{"start":{"line":38,"column":11},"end":{"line":38,"column":61}}},"fnMap":{"0":{"name":"(anonymous_0)","decl":{"start":{"line":5,"column":19},"end":{"line":5,"column":20}},"loc":{"start":{"line":5,"column":31},"end":{"line":14,"column":1}},"line":5},"1":{"name":"(anonymous_1)","decl":{"start":{"line":8,"column":14},"end":{"line":8,"column":15}},"loc":{"start":{"line":8,"column":22},"end":{"line":8,"column":47}},"line":8},"2":{"name":"(anonymous_2)","decl":{"start":{"line":10,"column":16},"end":{"line":10,"column":17}},"loc":{"start":{"line":11,"column":8},"end":{"line":11,"column":65}},"line":11},"3":{"name":"(anonymous_3)","decl":{"start":{"line":15,"column":27},"end":{"line":15,"column":28}},"loc":{"start":{"line":15,"column":40},"end":{"line":16,"column":64}},"line":15},"4":{"name":"(anonymous_4)","decl":{"start":{"line":16,"column":8},"end":{"line":16,"column":9}},"loc":{"start":{"line":16,"column":15},"end":{"line":16,"column":63}},"line":16},"5":{"name":"(anonymous_5)","decl":{"start":{"line":16,"column":26},"end":{"line":16,"column":27}},"loc":{"start":{"line":16,"column":34},"end":{"line":16,"column":62}},"line":16},"6":{"name":"(anonymous_6)","decl":{"start":{"line":17,"column":17},"end":{"line":17,"column":18}},"loc":{"start":{"line":18,"column":2},"end":{"line":18,"column":65}},"line":18},"7":{"name":"(anonymous_7)","decl":{"start":{"line":19,"column":17},"end":{"line":19,"column":18}},"loc":{"start":{"line":19,"column":39},"end":{"line":32,"column":1}},"line":19},"8":{"name":"(anonymous_8)","decl":{"start":{"line":22,"column":6},"end":{"line":22,"column":7}},"loc":{"start":{"line":22,"column":17},"end":{"line":28,"column":7}},"line":22},"9":{"name":"(anonymous_9)","decl":{"start":{"line":27,"column":62},"end":{"line":27,"column":63}},"loc":{"start":{"line":27,"column":68},"end":{"line":27,"column":72}},"line":27},"10":{"name":"(anonymous_10)","decl":{"start":{"line":30,"column":6},"end":{"line":30,"column":7}},"loc":{"start":{"line":30,"column":13},"end":{"line":30,"column":63}},"line":30},"11":{"name":"(anonymous_11)","decl":{"start":{"line":34,"column":17},"end":{"line":34,"column":18}},"loc":{"start":{"line":34,"column":23},"end":{"line":39,"column":3}},"line":34},"12":{"name":"(anonymous_12)","decl":{"start":{"line":36,"column":4},"end":{"line":36,"column":5}},"loc":{"start":{"line":36,"column":10},"end":{"line":36,"column":12}},"line":36},"13":{"name":"(anonymous_13)","decl":{"start":{"line":38,"column":4},"end":{"line":38,"column":5}},"loc":{"start":{"line":38,"column":11},"end":{"line":38,"column":61}},"line":38}},"branchMap":{"0":{"loc":{"start":{"line":30,"column":13},"end":{"line":30,"column":63}},"type":"cond-expr","locations":[{"start":{"line":30,"column":37},"end":{"line":30,"column":41}},{"start":{"line":30,"column":44},"end":{"line":30,"column":63}}],"line":30},"1":{"loc":{"start":{"line":38,"column":11},"end":{"line":38,"column":61}},"type":"cond-expr","locations":[{"start":{"line":38,"column":35},"end":{"line":38,"column":39}},{"start":{"line":38,"column":42},"end":{"line":38,"column":61}}],"line":38}},"s":{"0":2,"1":2,"2":2,"3":21,"4":80,"5":21,"6":38,"7":2,"8":10,"9":10,"10":18,"11":2,"12":14,"13":2,"14":3,"15":3,"16":2,"17":2,"18":2,"19":1,"20":2,"21":15,"22":14,"23":1},"f":{"0":21,"1":80,"2":38,"3":10,"4":10,"5":18,"6":14,"7":3,"8":2,"9":2,"10":1,"11":15,"12":14,"13":1},"b":{"0":[1,0],"1":[1,0]},"_coverageSchema":"1a1c01bbd47fc00a2c39e90264f33305004495a9","hash":"a9b1be28cf0b7105ea90a9b5158b8c5015057b9f"}
,"/Users/sugiyamaryouta/workspace/2_myspace/1_study/nodejs/node-js-study/ch08/todo-data-storage/leveldb/index.js": {"path":"/Users/sugiyamaryouta/workspace/2_myspace/1_study/nodejs/node-js-study/ch08/todo-data-storage/leveldb/index.js","statementMap":{"0":{"start":{"line":2,"column":14},"end":{"line":2,"column":30}},"1":{"start":{"line":3,"column":17},"end":{"line":3,"column":32}},"2":{"start":{"line":5,"column":11},"end":{"line":5,"column":44}},"3":{"start":{"line":6,"column":0},"end":{"line":12,"column":1}},"4":{"start":{"line":7,"column":19},"end":{"line":7,"column":21}},"5":{"start":{"line":8,"column":4},"end":{"line":10,"column":5}},"6":{"start":{"line":9,"column":8},"end":{"line":9,"column":34}},"7":{"start":{"line":11,"column":4},"end":{"line":11,"column":17}},"8":{"start":{"line":13,"column":0},"end":{"line":25,"column":1}},"9":{"start":{"line":14,"column":21},"end":{"line":14,"column":23}},"10":{"start":{"line":15,"column":4},"end":{"line":23,"column":5}},"11":{"start":{"line":20,"column":8},"end":{"line":22,"column":9}},"12":{"start":{"line":24,"column":4},"end":{"line":24,"column":32}},"13":{"start":{"line":26,"column":0},"end":{"line":31,"column":9}},"14":{"start":{"line":26,"column":25},"end":{"line":31,"column":9}},"15":{"start":{"line":32,"column":0},"end":{"line":51,"column":5}},"16":{"start":{"line":33,"column":4},"end":{"line":51,"column":5}},"17":{"start":{"line":35,"column":28},"end":{"line":35,"column":47}},"18":{"start":{"line":36,"column":28},"end":{"line":39,"column":13}},"19":{"start":{"line":40,"column":24},"end":{"line":40,"column":77}},"20":{"start":{"line":42,"column":12},"end":{"line":46,"column":13}},"21":{"start":{"line":43,"column":16},"end":{"line":45,"column":69}},"22":{"start":{"line":47,"column":12},"end":{"line":47,"column":52}},"23":{"start":{"line":47,"column":44},"end":{"line":47,"column":51}},"24":{"start":{"line":50,"column":15},"end":{"line":50,"column":56}},"25":{"start":{"line":52,"column":0},"end":{"line":62,"column":1}},"26":{"start":{"line":53,"column":4},"end":{"line":62,"column":1}},"27":{"start":{"line":54,"column":19},"end":{"line":59,"column":27}},"28":{"start":{"line":59,"column":24},"end":{"line":59,"column":26}},"29":{"start":{"line":61,"column":19},"end":{"line":61,"column":60}}},"fnMap":{"0":{"name":"(anonymous_0)","decl":{"start":{"line":6,"column":19},"end":{"line":6,"column":20}},"loc":{"start":{"line":6,"column":31},"end":{"line":12,"column":1}},"line":6},"1":{"name":"(anonymous_1)","decl":{"start":{"line":13,"column":27},"end":{"line":13,"column":28}},"loc":{"start":{"line":13,"column":46},"end":{"line":25,"column":1}},"line":13},"2":{"name":"(anonymous_2)","decl":{"start":{"line":26,"column":17},"end":{"line":26,"column":18}},"loc":{"start":{"line":26,"column":25},"end":{"line":31,"column":9}},"line":26},"3":{"name":"(anonymous_3)","decl":{"start":{"line":32,"column":17},"end":{"line":32,"column":18}},"loc":{"start":{"line":33,"column":4},"end":{"line":51,"column":5}},"line":33},"4":{"name":"(anonymous_4)","decl":{"start":{"line":34,"column":8},"end":{"line":34,"column":9}},"loc":{"start":{"line":34,"column":19},"end":{"line":48,"column":9}},"line":34},"5":{"name":"(anonymous_5)","decl":{"start":{"line":47,"column":38},"end":{"line":47,"column":39}},"loc":{"start":{"line":47,"column":44},"end":{"line":47,"column":51}},"line":47},"6":{"name":"(anonymous_6)","decl":{"start":{"line":50,"column":8},"end":{"line":50,"column":9}},"loc":{"start":{"line":50,"column":15},"end":{"line":50,"column":56}},"line":50},"7":{"name":"(anonymous_7)","decl":{"start":{"line":52,"column":17},"end":{"line":52,"column":18}},"loc":{"start":{"line":53,"column":4},"end":{"line":62,"column":1}},"line":53},"8":{"name":"(anonymous_8)","decl":{"start":{"line":54,"column":8},"end":{"line":54,"column":9}},"loc":{"start":{"line":54,"column":19},"end":{"line":59,"column":27}},"line":54},"9":{"name":"(anonymous_9)","decl":{"start":{"line":59,"column":18},"end":{"line":59,"column":19}},"loc":{"start":{"line":59,"column":24},"end":{"line":59,"column":26}},"line":59},"10":{"name":"(anonymous_10)","decl":{"start":{"line":61,"column":12},"end":{"line":61,"column":13}},"loc":{"start":{"line":61,"column":19},"end":{"line":61,"column":60}},"line":61}},"branchMap":{"0":{"loc":{"start":{"line":42,"column":12},"end":{"line":46,"column":13}},"type":"if","locations":[{"start":{"line":42,"column":12},"end":{"line":46,"column":13}},{"start":{"line":42,"column":12},"end":{"line":46,"column":13}}],"line":42},"1":{"loc":{"start":{"line":50,"column":15},"end":{"line":50,"column":56}},"type":"cond-expr","locations":[{"start":{"line":50,"column":30},"end":{"line":50,"column":34}},{"start":{"line":50,"column":37},"end":{"line":50,"column":56}}],"line":50},"2":{"loc":{"start":{"line":61,"column":19},"end":{"line":61,"column":60}},"type":"cond-expr","locations":[{"start":{"line":61,"column":34},"end":{"line":61,"column":38}},{"start":{"line":61,"column":41},"end":{"line":61,"column":60}}],"line":61}},"s":{"0":1,"1":1,"2":1,"3":1,"4":11,"5":11,"6":20,"7":11,"8":1,"9":10,"10":10,"11":9,"12":10,"13":1,"14":14,"15":1,"16":3,"17":2,"18":2,"19":2,"20":2,"21":1,"22":2,"23":2,"24":1,"25":1,"26":15,"27":14,"28":14,"29":1},"f":{"0":11,"1":10,"2":14,"3":3,"4":2,"5":2,"6":1,"7":15,"8":14,"9":14,"10":1},"b":{"0":[1,1],"1":[1,0],"2":[1,0]},"_coverageSchema":"1a1c01bbd47fc00a2c39e90264f33305004495a9","hash":"f0e416ed7a3d93b6d8b54ac02675e6f95ffecb2d"}
,"/Users/sugiyamaryouta/workspace/2_myspace/1_study/nodejs/node-js-study/ch08/todo-data-storage/sqlite/index.js": {"path":"/Users/sugiyamaryouta/workspace/2_myspace/1_study/nodejs/node-js-study/ch08/todo-data-storage/sqlite/index.js","statementMap":{"0":{"start":{"line":2,"column":22},"end":{"line":2,"column":37}},"1":{"start":{"line":3,"column":17},"end":{"line":3,"column":32}},"2":{"start":{"line":4,"column":16},"end":{"line":7,"column":46}},"3":{"start":{"line":10,"column":11},"end":{"line":10,"column":58}},"4":{"start":{"line":13,"column":14},"end":{"line":13,"column":40}},"5":{"start":{"line":14,"column":14},"end":{"line":23,"column":1}},"6":{"start":{"line":15,"column":4},"end":{"line":22,"column":5}},"7":{"start":{"line":16,"column":4},"end":{"line":21,"column":6}},"8":{"start":{"line":19,"column":12},"end":{"line":19,"column":45}},"9":{"start":{"line":24,"column":14},"end":{"line":24,"column":40}},"10":{"start":{"line":25,"column":0},"end":{"line":33,"column":2}},"11":{"start":{"line":31,"column":4},"end":{"line":31,"column":22}},"12":{"start":{"line":32,"column":4},"end":{"line":32,"column":19}},"13":{"start":{"line":36,"column":4},"end":{"line":36,"column":49}},"14":{"start":{"line":39,"column":0},"end":{"line":40,"column":65}},"15":{"start":{"line":40,"column":4},"end":{"line":40,"column":65}},"16":{"start":{"line":40,"column":45},"end":{"line":40,"column":64}},"17":{"start":{"line":41,"column":0},"end":{"line":43,"column":42}},"18":{"start":{"line":42,"column":4},"end":{"line":43,"column":42}},"19":{"start":{"line":43,"column":22},"end":{"line":43,"column":41}},"20":{"start":{"line":44,"column":0},"end":{"line":51,"column":1}},"21":{"start":{"line":45,"column":4},"end":{"line":50,"column":5}},"22":{"start":{"line":52,"column":0},"end":{"line":67,"column":1}},"23":{"start":{"line":53,"column":23},"end":{"line":53,"column":25}},"24":{"start":{"line":54,"column":19},"end":{"line":54,"column":21}},"25":{"start":{"line":55,"column":4},"end":{"line":60,"column":5}},"26":{"start":{"line":56,"column":8},"end":{"line":59,"column":9}},"27":{"start":{"line":57,"column":12},"end":{"line":57,"column":44}},"28":{"start":{"line":58,"column":12},"end":{"line":58,"column":39}},"29":{"start":{"line":61,"column":4},"end":{"line":61,"column":19}},"30":{"start":{"line":62,"column":4},"end":{"line":66,"column":9}},"31":{"start":{"line":63,"column":31},"end":{"line":65,"column":14}},"32":{"start":{"line":68,"column":0},"end":{"line":69,"column":53}},"33":{"start":{"line":68,"column":23},"end":{"line":69,"column":53}},"34":{"start":{"line":69,"column":27},"end":{"line":69,"column":52}}},"fnMap":{"0":{"name":"(anonymous_0)","decl":{"start":{"line":14,"column":14},"end":{"line":14,"column":15}},"loc":{"start":{"line":14,"column":25},"end":{"line":23,"column":1}},"line":14},"1":{"name":"(anonymous_1)","decl":{"start":{"line":15,"column":23},"end":{"line":15,"column":24}},"loc":{"start":{"line":16,"column":4},"end":{"line":21,"column":6}},"line":16},"2":{"name":"(anonymous_2)","decl":{"start":{"line":18,"column":8},"end":{"line":18,"column":9}},"loc":{"start":{"line":18,"column":22},"end":{"line":20,"column":9}},"line":18},"3":{"name":"(anonymous_3)","decl":{"start":{"line":29,"column":10},"end":{"line":29,"column":11}},"loc":{"start":{"line":29,"column":17},"end":{"line":33,"column":1}},"line":29},"4":{"name":"rowToTodo","decl":{"start":{"line":35,"column":9},"end":{"line":35,"column":18}},"loc":{"start":{"line":35,"column":24},"end":{"line":37,"column":1}},"line":35},"5":{"name":"(anonymous_5)","decl":{"start":{"line":39,"column":19},"end":{"line":39,"column":20}},"loc":{"start":{"line":40,"column":4},"end":{"line":40,"column":65}},"line":40},"6":{"name":"(anonymous_6)","decl":{"start":{"line":40,"column":37},"end":{"line":40,"column":38}},"loc":{"start":{"line":40,"column":45},"end":{"line":40,"column":64}},"line":40},"7":{"name":"(anonymous_7)","decl":{"start":{"line":41,"column":27},"end":{"line":41,"column":28}},"loc":{"start":{"line":42,"column":4},"end":{"line":43,"column":42}},"line":42},"8":{"name":"(anonymous_8)","decl":{"start":{"line":43,"column":14},"end":{"line":43,"column":15}},"loc":{"start":{"line":43,"column":22},"end":{"line":43,"column":41}},"line":43},"9":{"name":"(anonymous_9)","decl":{"start":{"line":44,"column":17},"end":{"line":44,"column":18}},"loc":{"start":{"line":44,"column":31},"end":{"line":51,"column":1}},"line":44},"10":{"name":"(anonymous_10)","decl":{"start":{"line":52,"column":17},"end":{"line":52,"column":18}},"loc":{"start":{"line":52,"column":33},"end":{"line":67,"column":1}},"line":52},"11":{"name":"(anonymous_11)","decl":{"start":{"line":63,"column":14},"end":{"line":63,"column":15}},"loc":{"start":{"line":63,"column":31},"end":{"line":65,"column":14}},"line":63},"12":{"name":"(anonymous_12)","decl":{"start":{"line":68,"column":17},"end":{"line":68,"column":18}},"loc":{"start":{"line":68,"column":23},"end":{"line":69,"column":53}},"line":68},"13":{"name":"(anonymous_13)","decl":{"start":{"line":69,"column":10},"end":{"line":69,"column":11}},"loc":{"start":{"line":69,"column":27},"end":{"line":69,"column":52}},"line":69}},"branchMap":{"0":{"loc":{"start":{"line":4,"column":16},"end":{"line":7,"column":46}},"type":"cond-expr","locations":[{"start":{"line":5,"column":18},"end":{"line":5,"column":36}},{"start":{"line":7,"column":18},"end":{"line":7,"column":46}}],"line":4},"1":{"loc":{"start":{"line":19,"column":12},"end":{"line":19,"column":45}},"type":"cond-expr","locations":[{"start":{"line":19,"column":18},"end":{"line":19,"column":29}},{"start":{"line":19,"column":32},"end":{"line":19,"column":45}}],"line":19},"2":{"loc":{"start":{"line":56,"column":8},"end":{"line":59,"column":9}},"type":"if","locations":[{"start":{"line":56,"column":8},"end":{"line":59,"column":9}},{"start":{"line":56,"column":8},"end":{"line":59,"column":9}}],"line":56},"3":{"loc":{"start":{"line":63,"column":31},"end":{"line":65,"column":14}},"type":"cond-expr","locations":[{"start":{"line":64,"column":10},"end":{"line":64,"column":70}},{"start":{"line":65,"column":10},"end":{"line":65,"column":14}}],"line":63},"4":{"loc":{"start":{"line":69,"column":27},"end":{"line":69,"column":52}},"type":"cond-expr","locations":[{"start":{"line":69,"column":43},"end":{"line":69,"column":45}},{"start":{"line":69,"column":48},"end":{"line":69,"column":52}}],"line":69}},"s":{"0":1,"1":1,"2":1,"3":1,"4":1,"5":1,"6":33,"7":33,"8":33,"9":1,"10":1,"11":0,"12":0,"13":31,"14":1,"15":11,"16":11,"17":1,"18":10,"19":10,"20":1,"21":14,"22":1,"23":3,"24":3,"25":3,"26":6,"27":3,"28":3,"29":3,"30":3,"31":3,"32":1,"33":15,"34":15},"f":{"0":33,"1":33,"2":33,"3":0,"4":31,"5":11,"6":11,"7":10,"8":10,"9":14,"10":3,"11":3,"12":15,"13":15},"b":{"0":[0,1],"1":[0,33],"2":[3,3],"3":[2,1],"4":[14,1]},"_coverageSchema":"1a1c01bbd47fc00a2c39e90264f33305004495a9","hash":"6a554f3228e1e978c9ccf430a0cc497ca1414789"}
}
