TN:
SF:app.js
FN:12,(anonymous_0)
FN:14,(anonymous_1)
FN:17,(anonymous_2)
FN:21,(anonymous_3)
FN:30,(anonymous_4)
FN:34,completedHandler
FN:35,(anonymous_6)
FN:37,(anonymous_7)
FN:53,(anonymous_8)
FN:54,(anonymous_9)
FN:65,(anonymous_10)
FNF:11
FNH:7
FNDA:5,(anonymous_0)
FNDA:1,(anonymous_1)
FNDA:2,(anonymous_2)
FNDA:4,(anonymous_3)
FNDA:1,(anonymous_4)
FNDA:2,completedHandler
FNDA:0,(anonymous_6)
FNDA:0,(anonymous_7)
FNDA:0,(anonymous_8)
FNDA:0,(anonymous_9)
FNDA:5,(anonymous_10)
DA:2,1
DA:3,1
DA:5,1
DA:7,1
DA:9,1
DA:12,1
DA:13,5
DA:14,2
DA:16,3
DA:17,3
DA:21,1
DA:22,4
DA:23,4
DA:25,2
DA:26,2
DA:27,2
DA:29,2
DA:30,2
DA:35,2
DA:36,0
DA:38,0
DA:39,0
DA:41,0
DA:42,0
DA:43,0
DA:48,1
DA:53,1
DA:54,0
DA:55,0
DA:56,0
DA:58,0
DA:59,0
DA:60,0
DA:65,1
DA:66,5
DA:67,5
DA:70,1
LF:37
LH:25
BRDA:13,0,0,2
BRDA:13,0,1,3
BRDA:23,1,0,2
BRDA:23,1,1,2
BRDA:23,2,0,4
BRDA:23,2,1,3
BRDA:38,3,0,0
BRDA:38,3,1,0
BRDA:55,4,0,0
BRDA:55,4,1,0
BRDA:67,5,0,5
BRDA:67,5,1,3
BRF:12
BRH:8
end_of_record
TN:
SF:file-system/index.js
FN:5,(anonymous_0)
FN:8,(anonymous_1)
FN:10,(anonymous_2)
FN:15,(anonymous_3)
FN:16,(anonymous_4)
FN:16,(anonymous_5)
FN:17,(anonymous_6)
FN:19,(anonymous_7)
FN:22,(anonymous_8)
FN:27,(anonymous_9)
FN:30,(anonymous_10)
FN:34,(anonymous_11)
FN:36,(anonymous_12)
FN:38,(anonymous_13)
FNF:14
FNH:14
FNDA:21,(anonymous_0)
FNDA:80,(anonymous_1)
FNDA:38,(anonymous_2)
FNDA:10,(anonymous_3)
FNDA:10,(anonymous_4)
FNDA:18,(anonymous_5)
FNDA:14,(anonymous_6)
FNDA:3,(anonymous_7)
FNDA:2,(anonymous_8)
FNDA:2,(anonymous_9)
FNDA:1,(anonymous_10)
FNDA:15,(anonymous_11)
FNDA:14,(anonymous_12)
FNDA:1,(anonymous_13)
DA:2,2
DA:3,2
DA:5,2
DA:7,21
DA:8,80
DA:9,21
DA:11,38
DA:15,10
DA:16,18
DA:17,2
DA:18,14
DA:19,2
DA:20,3
DA:21,3
DA:23,2
DA:27,2
DA:30,1
DA:34,15
DA:36,14
DA:38,1
LF:20
LH:20
BRDA:30,0,0,1
BRDA:30,0,1,0
BRDA:38,1,0,1
BRDA:38,1,1,0
BRF:4
BRH:2
end_of_record
TN:
SF:leveldb/index.js
FN:6,(anonymous_0)
FN:13,(anonymous_1)
FN:26,(anonymous_2)
FN:32,(anonymous_3)
FN:34,(anonymous_4)
FN:47,(anonymous_5)
FN:50,(anonymous_6)
FN:52,(anonymous_7)
FN:54,(anonymous_8)
FN:59,(anonymous_9)
FN:61,(anonymous_10)
FNF:11
FNH:11
FNDA:11,(anonymous_0)
FNDA:10,(anonymous_1)
FNDA:14,(anonymous_2)
FNDA:3,(anonymous_3)
FNDA:2,(anonymous_4)
FNDA:2,(anonymous_5)
FNDA:1,(anonymous_6)
FNDA:15,(anonymous_7)
FNDA:14,(anonymous_8)
FNDA:14,(anonymous_9)
FNDA:1,(anonymous_10)
DA:2,1
DA:3,1
DA:5,1
DA:6,1
DA:7,11
DA:8,11
DA:9,20
DA:11,11
DA:13,1
DA:14,10
DA:15,10
DA:20,9
DA:24,10
DA:26,14
DA:32,1
DA:33,3
DA:35,2
DA:36,2
DA:40,2
DA:42,2
DA:43,1
DA:47,2
DA:50,1
DA:52,1
DA:53,15
DA:54,14
DA:59,14
DA:61,1
LF:28
LH:28
BRDA:42,0,0,1
BRDA:42,0,1,1
BRDA:50,1,0,1
BRDA:50,1,1,0
BRDA:61,2,0,1
BRDA:61,2,1,0
BRF:6
BRH:4
end_of_record
TN:
SF:sqlite/index.js
FN:14,(anonymous_0)
FN:15,(anonymous_1)
FN:18,(anonymous_2)
FN:29,(anonymous_3)
FN:35,rowToTodo
FN:39,(anonymous_5)
FN:40,(anonymous_6)
FN:41,(anonymous_7)
FN:43,(anonymous_8)
FN:44,(anonymous_9)
FN:52,(anonymous_10)
FN:63,(anonymous_11)
FN:68,(anonymous_12)
FN:69,(anonymous_13)
FNF:14
FNH:13
FNDA:33,(anonymous_0)
FNDA:33,(anonymous_1)
FNDA:33,(anonymous_2)
FNDA:0,(anonymous_3)
FNDA:31,rowToTodo
FNDA:11,(anonymous_5)
FNDA:11,(anonymous_6)
FNDA:10,(anonymous_7)
FNDA:10,(anonymous_8)
FNDA:14,(anonymous_9)
FNDA:3,(anonymous_10)
FNDA:3,(anonymous_11)
FNDA:15,(anonymous_12)
FNDA:15,(anonymous_13)
DA:2,1
DA:3,1
DA:4,1
DA:10,1
DA:13,1
DA:14,1
DA:15,33
DA:16,33
DA:19,33
DA:24,1
DA:25,1
DA:31,0
DA:32,0
DA:36,31
DA:39,1
DA:40,11
DA:41,1
DA:42,10
DA:43,10
DA:44,1
DA:45,14
DA:52,1
DA:53,3
DA:54,3
DA:55,3
DA:56,6
DA:57,3
DA:58,3
DA:61,3
DA:62,3
DA:63,3
DA:68,15
DA:69,15
LF:33
LH:31
BRDA:4,0,0,0
BRDA:4,0,1,1
BRDA:19,1,0,0
BRDA:19,1,1,33
BRDA:56,2,0,3
BRDA:56,2,1,3
BRDA:63,3,0,2
BRDA:63,3,1,1
BRDA:69,4,0,14
BRDA:69,4,1,1
BRF:10
BRH:8
end_of_record
